21:05:41.874 [main] INFO  org.eclipse.jetty.util.log  - Logging initialized @25059ms to org.eclipse.jetty.util.log.Slf4jLog
21:06:30.289 [main] INFO  org.eclipse.jetty.util.log  - Logging initialized @23598ms to org.eclipse.jetty.util.log.Slf4jLog
21:07:07.074 [nRepl-session-e23ca6c9-7caa-40fe-b01a-36fa1d7cf6b1] INFO  org.eclipse.jetty.server.Server  - jetty-9.4.18.v20190429; built: 2019-04-29T20:42:08.989Z; git: e1bc35120a6617ee3df052294e433f3a25ce7097; jvm 1.8.0_212-8u212-b03-0ubuntu1.16.04.1-b03
21:07:07.161 [nRepl-session-e23ca6c9-7caa-40fe-b01a-36fa1d7cf6b1] INFO  o.e.j.server.handler.ContextHandler  - Started o.e.j.s.ServletContextHandler@25ebfa50{/,null,AVAILABLE}
21:07:07.190 [nRepl-session-e23ca6c9-7caa-40fe-b01a-36fa1d7cf6b1] INFO  o.e.jetty.server.AbstractConnector  - Started ServerConnector@4ccaa1fa{HTTP/1.1,[http/1.1, h2c]}{0.0.0.0:8081}
21:07:07.196 [nRepl-session-e23ca6c9-7caa-40fe-b01a-36fa1d7cf6b1] INFO  org.eclipse.jetty.server.Server  - Started @60507ms
21:07:19.984 [qtp550304273-31] INFO  io.pedestal.http  - {:msg "GET /", :line 80}
21:07:19.995 [qtp550304273-31] INFO  io.pedestal.http.cors  - {:msg "cors request processing", :origin "", :allowed true, :line 84}
21:07:20.029 [qtp550304273-31] INFO  io.pedestal.http.cors  - {:msg "cors response processing", :cors-headers {"Access-Control-Allow-Origin" "", "Access-Control-Allow-Credentials" "true", "Access-Control-Expose-Headers" "Strict-Transport-Security, X-Frame-Options, X-Content-Type-Options, X-Xss-Protection, X-Download-Options, X-Permitted-Cross-Domain-Policies, Content-Security-Policy, Content-Type"}, :line 111}
21:14:01.192 [qtp550304273-33] INFO  io.pedestal.http  - {:msg "POST /profiles/1/connections", :line 80}
21:14:01.193 [qtp550304273-33] INFO  io.pedestal.http.cors  - {:msg "cors request processing", :origin "", :allowed true, :line 84}
21:14:01.265 [qtp550304273-33] INFO  io.pedestal.http.cors  - {:msg "cors response processing", :cors-headers {"Access-Control-Allow-Origin" "", "Access-Control-Allow-Credentials" "true", "Access-Control-Expose-Headers" "Strict-Transport-Security, X-Frame-Options, X-Content-Type-Options, X-Xss-Protection, X-Download-Options, X-Permitted-Cross-Domain-Policies, Content-Security-Policy, Content-Type"}, :line 111}
21:14:01.377 [qtp550304273-33] ERROR i.p.http.impl.servlet-interceptor  - {:msg "error-stylobate triggered", :context {:response {:status 200, :headers {"X-Frame-Options" "DENY", "Access-Control-Allow-Origin" "", "X-XSS-Protection" "1; mode=block", "X-Download-Options" "noopen", "Strict-Transport-Security" "max-age=31536000; includeSubdomains", "X-Permitted-Cross-Domain-Policies" "none", "Access-Control-Allow-Credentials" "true", "Access-Control-Expose-Headers" "Strict-Transport-Security, X-Frame-Options, X-Content-Type-Options, X-Xss-Protection, X-Download-Options, X-Permitted-Cross-Domain-Policies, Content-Security-Policy, Content-Type", "X-Content-Type-Options" "nosniff", "Content-Security-Policy" "object-src 'none'", "Content-Type" "application/json;charset=UTF-8"}, :body #function[io.pedestal.http/print-fn/fn--15851]}, :cors-headers {"Access-Control-Allow-Origin" "", "Access-Control-Allow-Credentials" "true"}, :io.pedestal.interceptor.chain/stack (#Interceptor{:name :io.pedestal.http.impl.servlet-interceptor/terminator-injector}), :request {:json-params (2), :protocol "HTTP/1.1", :async-supported? true, :remote-addr "192.168.5.1", :servlet-response #object[org.eclipse.jetty.server.Response 0x39faeef2 "HTTP/1.1 200 \nDate: Sun, 28 Jul 2019 00:14:01 GMT\r\nX-Frame-Options: DENY\r\nAccess-Control-Allow-Origin: \r\nX-XSS-Protection: 1; mode=block\r\nX-Download-Options: noopen\r\nStrict-Transport-Security: max-age=31536000; includeSubdomains\r\nX-Permitted-Cross-Domain-Policies: none\r\nAccess-Control-Allow-Credentials: true\r\nAccess-Control-Expose-Headers: Strict-Transport-Security, X-Frame-Options, X-Content-Type-Options, X-Xss-Protection, X-Download-Options, X-Permitted-Cross-Domain-Policies, Content-Security-Policy, Content-Type\r\nX-Content-Type-Options: nosniff\r\nContent-Security-Policy: object-src 'none'\r\nContent-Type: application/json;charset=utf-8\r\n\r\n"], :servlet #object[io.pedestal.http.servlet.FnServlet 0x1c426ae7 "io.pedestal.http.servlet.FnServlet@1c426ae7"], :headers {"origin" "", "host" "192.168.5.3:8081", "user-agent" "PostmanRuntime/7.15.2", "content-type" "application/json", "content-length" "3", "connection" "keep-alive", "accept" "*/*", "accept-encoding" "gzip, deflate", "postman-token" "4090dac9-c56c-42d0-9db5-592cf2465800", "cache-control" "no-cache"}, :server-port 8081, :servlet-request #object[org.eclipse.jetty.server.Request 0x126b81e3 "Request(POST //192.168.5.3:8081/profiles/1/connections)@126b81e3"], :content-length 3, :content-type "application/json", :path-info "/profiles/1/connections", :character-encoding "UTF-8", :url-for #delay[{:status :pending, :val nil} 0x7bf56b31], :uri "/profiles/1/connections", :server-name "192.168.5.3", :query-string nil, :path-params {:id "1"}, :body #object[org.eclipse.jetty.server.HttpInputOverHTTP 0x75df8447 "HttpInputOverHTTP@75df8447[c=3,q=0,[0]=null,s=STREAM]"], :scheme :http, :request-method :post, :context-path ""}, :bindings {#'io.pedestal.http.route/*url-for* #delay[{:status :pending, :val nil} 0x7bf56b31]}, :enter-async [#function[io.pedestal.http.impl.servlet-interceptor/start-servlet-async]], :io.pedestal.interceptor.chain/terminators (#function[io.pedestal.http.impl.servlet-interceptor/terminator-inject/fn--15745]), :servlet-response #object[org.eclipse.jetty.server.Response 0x39faeef2 "HTTP/1.1 200 \nDate: Sun, 28 Jul 2019 00:14:01 GMT\r\nX-Frame-Options: DENY\r\nAccess-Control-Allow-Origin: \r\nX-XSS-Protection: 1; mode=block\r\nX-Download-Options: noopen\r\nStrict-Transport-Security: max-age=31536000; includeSubdomains\r\nX-Permitted-Cross-Domain-Policies: none\r\nAccess-Control-Allow-Credentials: true\r\nAccess-Control-Expose-Headers: Strict-Transport-Security, X-Frame-Options, X-Content-Type-Options, X-Xss-Protection, X-Download-Options, X-Permitted-Cross-Domain-Policies, Content-Security-Policy, Content-Type\r\nX-Content-Type-Options: nosniff\r\nContent-Security-Policy: object-src 'none'\r\nContent-Type: application/json;charset=utf-8\r\n\r\n"], :route {:path "/profiles/:id/connections", :method :post, :path-constraints {:id "([^/]+)"}, :io.pedestal.http.route.prefix-tree/satisfies-constraints? #function[io.pedestal.http.route.prefix-tree/add-satisfies-constraints?/fn--11514], :path-re #"/\Qprofiles\E/([^/]+)/\Qconnections\E", :path-parts ["profiles" :id "connections"], :interceptors [#Interceptor{:name :io.pedestal.http.body-params/body-params} #Interceptor{:name :io.pedestal.http/json-body} #Interceptor{:name }], :route-name :nukr.service/post-connections, :path-params {:id "1"}}, :servlet #object[io.pedestal.http.servlet.FnServlet 0x1c426ae7 "io.pedestal.http.servlet.FnServlet@1c426ae7"], :servlet-request #object[org.eclipse.jetty.server.Request 0x126b81e3 "Request(POST //192.168.5.3:8081/profiles/1/connections)@126b81e3"], :url-for #delay[{:status :pending, :val nil} 0x7bf56b31], :io.pedestal.interceptor.chain/execution-id 2, :servlet-config #object[org.eclipse.jetty.servlet.ServletHolder$Config 0x4f97f67 "org.eclipse.jetty.servlet.ServletHolder$Config@4f97f67"], :async? #function[io.pedestal.http.impl.servlet-interceptor/servlet-async?]}, :line 242}
clojure.lang.ExceptionInfo: com.fasterxml.jackson.core.JsonGenerationException in Interceptor :io.pedestal.http.impl.servlet-interceptor/ring-response - Cannot JSON encode object of class: class org.eclipse.jetty.server.Response: HTTP/1.1 200 
Date: Sun, 28 Jul 2019 00:14:01 GMT
X-Frame-Options: DENY
Access-Control-Allow-Origin: 
X-XSS-Protection: 1; mode=block
X-Download-Options: noopen
Strict-Transport-Security: max-age=31536000; includeSubdomains
X-Permitted-Cross-Domain-Policies: none
Access-Control-Allow-Credentials: true
Access-Control-Expose-Headers: Strict-Transport-Security, X-Frame-Options, X-Content-Type-Options, X-Xss-Protection, X-Download-Options, X-Permitted-Cross-Domain-Policies, Content-Security-Policy, Content-Type
X-Content-Type-Options: nosniff
Content-Security-Policy: object-src 'none'
Content-Type: application/json;charset=utf-8


	at io.pedestal.interceptor.chain$throwable__GT_ex_info.invokeStatic(chain.clj:35)
	at io.pedestal.interceptor.chain$throwable__GT_ex_info.invoke(chain.clj:32)
	at io.pedestal.interceptor.chain$try_f.invokeStatic(chain.clj:57)
	at io.pedestal.interceptor.chain$try_f.invoke(chain.clj:44)
	at io.pedestal.interceptor.chain$leave_all_with_binding.invokeStatic(chain.clj:254)
	at io.pedestal.interceptor.chain$leave_all_with_binding.invoke(chain.clj:237)
	at io.pedestal.interceptor.chain$leave_all$fn__10643.invoke(chain.clj:268)
	at clojure.lang.AFn.applyToHelper(AFn.java:152)
	at clojure.lang.AFn.applyTo(AFn.java:144)
	at clojure.core$apply.invokeStatic(core.clj:665)
	at clojure.core$with_bindings_STAR_.invokeStatic(core.clj:1973)
	at clojure.core$with_bindings_STAR_.doInvoke(core.clj:1973)
	at clojure.lang.RestFn.invoke(RestFn.java:425)
	at io.pedestal.interceptor.chain$leave_all.invokeStatic(chain.clj:266)
	at io.pedestal.interceptor.chain$leave_all.invoke(chain.clj:260)
	at io.pedestal.interceptor.chain$execute.invokeStatic(chain.clj:379)
	at io.pedestal.interceptor.chain$execute.invoke(chain.clj:352)
	at io.pedestal.interceptor.chain$execute.invokeStatic(chain.clj:389)
	at io.pedestal.interceptor.chain$execute.invoke(chain.clj:352)
	at io.pedestal.http.impl.servlet_interceptor$interceptor_service_fn$fn__15770.invoke(servlet_interceptor.clj:351)
	at io.pedestal.http.servlet.FnServlet.service(servlet.clj:28)
	at org.eclipse.jetty.servlet.ServletHolder.handle(ServletHolder.java:873)
	at org.eclipse.jetty.servlet.ServletHandler.doHandle(ServletHandler.java:542)
	at org.eclipse.jetty.server.handler.ScopedHandler.nextHandle(ScopedHandler.java:255)
	at org.eclipse.jetty.server.handler.ContextHandler.doHandle(ContextHandler.java:1345)
	at org.eclipse.jetty.server.handler.ScopedHandler.nextScope(ScopedHandler.java:203)
	at org.eclipse.jetty.servlet.ServletHandler.doScope(ServletHandler.java:480)
	at org.eclipse.jetty.server.handler.ScopedHandler.nextScope(ScopedHandler.java:201)
	at org.eclipse.jetty.server.handler.ContextHandler.doScope(ContextHandler.java:1247)
	at org.eclipse.jetty.server.handler.ScopedHandler.handle(ScopedHandler.java:144)
	at org.eclipse.jetty.server.handler.HandlerWrapper.handle(HandlerWrapper.java:132)
	at org.eclipse.jetty.server.Server.handle(Server.java:505)
	at org.eclipse.jetty.server.HttpChannel.handle(HttpChannel.java:370)
	at org.eclipse.jetty.server.HttpConnection.onFillable(HttpConnection.java:267)
	at org.eclipse.jetty.io.AbstractConnection$ReadCallback.succeeded(AbstractConnection.java:305)
	at org.eclipse.jetty.io.FillInterest.fillable(FillInterest.java:103)
	at org.eclipse.jetty.io.ChannelEndPoint$2.run(ChannelEndPoint.java:117)
	at org.eclipse.jetty.util.thread.QueuedThreadPool.runJob(QueuedThreadPool.java:698)
	at org.eclipse.jetty.util.thread.QueuedThreadPool$Runner.run(QueuedThreadPool.java:804)
	at java.lang.Thread.run(Thread.java:748)
Caused by: com.fasterxml.jackson.core.JsonGenerationException: Cannot JSON encode object of class: class org.eclipse.jetty.server.Response: HTTP/1.1 200 
Date: Sun, 28 Jul 2019 00:14:01 GMT
X-Frame-Options: DENY
Access-Control-Allow-Origin: 
X-XSS-Protection: 1; mode=block
X-Download-Options: noopen
Strict-Transport-Security: max-age=31536000; includeSubdomains
X-Permitted-Cross-Domain-Policies: none
Access-Control-Allow-Credentials: true
Access-Control-Expose-Headers: Strict-Transport-Security, X-Frame-Options, X-Content-Type-Options, X-Xss-Protection, X-Download-Options, X-Permitted-Cross-Domain-Policies, Content-Security-Policy, Content-Type
X-Content-Type-Options: nosniff
Content-Security-Policy: object-src 'none'
Content-Type: application/json;charset=utf-8


	at cheshire.generate$generate.invokeStatic(generate.clj:152)
	at cheshire.generate$generate.invoke(generate.clj:116)
	at cheshire.generate$generate.invokeStatic(generate.clj:122)
	at cheshire.generate$generate.invoke(generate.clj:116)
	at cheshire.core$generate_stream.invokeStatic(core.clj:106)
	at cheshire.core$generate_stream.invoke(core.clj:81)
	at cheshire.core$generate_stream.invokeStatic(core.clj:88)
	at cheshire.core$generate_stream.invoke(core.clj:81)
	at io.pedestal.http$json_print.invokeStatic(http.clj:59)
	at io.pedestal.http$json_print.invoke(http.clj:56)
	at io.pedestal.http$fn__15877$fn__15878.invoke(http.clj:126)
	at io.pedestal.http$print_fn$fn__15851$fn__15852.invoke(http.clj:42)
	at io.pedestal.http$print_fn$fn__15851.invoke(http.clj:41)
	at io.pedestal.http.impl.servlet_interceptor$eval15433$fn__15436.invoke(servlet_interceptor.clj:67)
	at io.pedestal.http.impl.servlet_interceptor$eval15367$fn__15368$G__15358__15375.invoke(servlet_interceptor.clj:38)
	at io.pedestal.http.impl.servlet_interceptor$write_body.invokeStatic(servlet_interceptor.clj:93)
	at io.pedestal.http.impl.servlet_interceptor$write_body.invoke(servlet_interceptor.clj:91)
	at io.pedestal.http.impl.servlet_interceptor$send_response.invokeStatic(servlet_interceptor.clj:170)
	at io.pedestal.http.impl.servlet_interceptor$send_response.invoke(servlet_interceptor.clj:162)
	at io.pedestal.http.impl.servlet_interceptor$leave_ring_response.invokeStatic(servlet_interceptor.clj:229)
	at io.pedestal.http.impl.servlet_interceptor$leave_ring_response.invoke(servlet_interceptor.clj:218)
	at io.pedestal.interceptor.chain$try_f.invokeStatic(chain.clj:54)
	... 37 common frames omitted
21:15:30.631 [qtp550304273-30] INFO  io.pedestal.http  - {:msg "POST /profiles/1/connections", :line 80}
21:15:30.631 [qtp550304273-30] INFO  io.pedestal.http.cors  - {:msg "cors request processing", :origin "", :allowed true, :line 84}
21:15:30.644 [qtp550304273-30] INFO  io.pedestal.http.cors  - {:msg "cors response processing", :cors-headers {"Access-Control-Allow-Origin" "", "Access-Control-Allow-Credentials" "true", "Access-Control-Expose-Headers" "Strict-Transport-Security, X-Frame-Options, X-Content-Type-Options, X-Xss-Protection, X-Download-Options, X-Permitted-Cross-Domain-Policies, Content-Security-Policy"}, :line 111}
21:17:32.370 [qtp550304273-27] INFO  io.pedestal.http  - {:msg "POST /profiles/1/connections", :line 80}
21:17:32.370 [qtp550304273-27] INFO  io.pedestal.http.cors  - {:msg "cors request processing", :origin "", :allowed true, :line 84}
21:17:32.386 [qtp550304273-27] INFO  nukr.service  - {:msg {:json-params (2), :protocol "HTTP/1.1", :async-supported? true, :remote-addr "192.168.5.1", :servlet-response #object[org.eclipse.jetty.server.Response 0x683e4d74 "HTTP/1.1 200 \nDate: Sun, 28 Jul 2019 00:17:32 GMT\r\n\r\n"], :servlet #object[io.pedestal.http.servlet.FnServlet 0x1c426ae7 "io.pedestal.http.servlet.FnServlet@1c426ae7"], :headers {"origin" "", "host" "192.168.5.3:8081", "user-agent" "PostmanRuntime/7.15.2", "content-type" "application/json", "content-length" "3", "connection" "keep-alive", "accept" "*/*", "accept-encoding" "gzip, deflate", "postman-token" "a7b98f40-7d5c-43d6-9802-7e237f41c3d7", "cache-control" "no-cache"}, :server-port 8081, :servlet-request #object[org.eclipse.jetty.server.Request 0x51fa4de3 "Request(POST //192.168.5.3:8081/profiles/1/connections)@51fa4de3"], :content-length 3, :content-type "application/json", :path-info "/profiles/1/connections", :character-encoding "UTF-8", :url-for #delay[{:status :pending, :val nil} 0x1cc4c310], :uri "/profiles/1/connections", :server-name "192.168.5.3", :query-string nil, :path-params {:id "1"}, :body #object[org.eclipse.jetty.server.HttpInputOverHTTP 0x7ed0e9ef "HttpInputOverHTTP@7ed0e9ef[c=3,q=0,[0]=null,s=STREAM]"], :scheme :http, :request-method :post, :context-path ""}, :line 20}
21:17:32.388 [qtp550304273-27] INFO  io.pedestal.http.cors  - {:msg "cors response processing", :cors-headers {"Access-Control-Allow-Origin" "", "Access-Control-Allow-Credentials" "true", "Access-Control-Expose-Headers" "Strict-Transport-Security, X-Frame-Options, X-Content-Type-Options, X-Xss-Protection, X-Download-Options, X-Permitted-Cross-Domain-Policies, Content-Security-Policy"}, :line 111}
21:47:41.914 [qtp550304273-26] INFO  io.pedestal.http  - {:msg "GET /", :line 80}
21:47:41.915 [qtp550304273-26] INFO  io.pedestal.http.cors  - {:msg "cors request processing", :origin "", :allowed true, :line 84}
21:47:41.932 [qtp550304273-26] INFO  io.pedestal.http.cors  - {:msg "cors response processing", :cors-headers {"Access-Control-Allow-Origin" "", "Access-Control-Allow-Credentials" "true", "Access-Control-Expose-Headers" "Strict-Transport-Security, X-Frame-Options, X-Content-Type-Options, X-Xss-Protection, X-Download-Options, X-Permitted-Cross-Domain-Policies, Content-Security-Policy, Content-Type"}, :line 111}
21:48:58.684 [qtp550304273-33] INFO  io.pedestal.http  - {:msg "POST /profiles", :line 80}
21:48:58.685 [qtp550304273-33] INFO  io.pedestal.http.cors  - {:msg "cors request processing", :origin "", :allowed true, :line 84}
21:48:58.696 [qtp550304273-33] INFO  nukr.service  - {:msg {:json-params {:name "Foo", :email "foo@foo.com"}, :protocol "HTTP/1.1", :async-supported? true, :remote-addr "192.168.5.1", :servlet-response #object[org.eclipse.jetty.server.Response 0xb073585 "HTTP/1.1 200 \nDate: Sun, 28 Jul 2019 00:48:58 GMT\r\n\r\n"], :servlet #object[io.pedestal.http.servlet.FnServlet 0x1c426ae7 "io.pedestal.http.servlet.FnServlet@1c426ae7"], :headers {"origin" "", "host" "192.168.5.3:8081", "user-agent" "PostmanRuntime/7.15.2", "content-type" "application/json", "content-length" "43", "connection" "keep-alive", "accept" "*/*", "accept-encoding" "gzip, deflate", "postman-token" "be10b9c3-99e3-4e39-a469-6af6185347fc", "cache-control" "no-cache"}, :server-port 8081, :servlet-request #object[org.eclipse.jetty.server.Request 0x189c6371 "Request(POST //192.168.5.3:8081/profiles)@189c6371"], :content-length 43, :content-type "application/json", :path-info "/profiles", :character-encoding "UTF-8", :url-for #delay[{:status :pending, :val nil} 0x6cb25d39], :uri "/profiles", :server-name "192.168.5.3", :query-string nil, :path-params {}, :body #object[org.eclipse.jetty.server.HttpInputOverHTTP 0x12400019 "HttpInputOverHTTP@12400019[c=43,q=0,[0]=null,s=STREAM]"], :scheme :http, :request-method :post, :context-path ""}, :line 21}
21:48:58.700 [qtp550304273-33] INFO  io.pedestal.http.cors  - {:msg "cors response processing", :cors-headers {"Access-Control-Allow-Origin" "", "Access-Control-Allow-Credentials" "true", "Access-Control-Expose-Headers" "Strict-Transport-Security, X-Frame-Options, X-Content-Type-Options, X-Xss-Protection, X-Download-Options, X-Permitted-Cross-Domain-Policies, Content-Security-Policy, Content-Type"}, :line 111}
21:49:08.656 [qtp550304273-30] INFO  io.pedestal.http  - {:msg "GET /", :line 80}
21:49:08.656 [qtp550304273-30] INFO  io.pedestal.http.cors  - {:msg "cors request processing", :origin "", :allowed true, :line 84}
21:49:08.663 [qtp550304273-30] INFO  io.pedestal.http.cors  - {:msg "cors response processing", :cors-headers {"Access-Control-Allow-Origin" "", "Access-Control-Allow-Credentials" "true", "Access-Control-Expose-Headers" "Strict-Transport-Security, X-Frame-Options, X-Content-Type-Options, X-Xss-Protection, X-Download-Options, X-Permitted-Cross-Domain-Policies, Content-Security-Policy, Content-Type"}, :line 111}
21:49:15.749 [qtp550304273-33] INFO  io.pedestal.http  - {:msg "POST /profiles", :line 80}
21:49:15.750 [qtp550304273-33] INFO  io.pedestal.http.cors  - {:msg "cors request processing", :origin "", :allowed true, :line 84}
21:49:15.758 [qtp550304273-33] INFO  nukr.service  - {:msg {:json-params {:name "Foo", :email "foo@foo.com"}, :protocol "HTTP/1.1", :async-supported? true, :remote-addr "192.168.5.1", :servlet-response #object[org.eclipse.jetty.server.Response 0xb073585 "HTTP/1.1 200 \nDate: Sun, 28 Jul 2019 00:49:15 GMT\r\n\r\n"], :servlet #object[io.pedestal.http.servlet.FnServlet 0x1c426ae7 "io.pedestal.http.servlet.FnServlet@1c426ae7"], :headers {"origin" "", "host" "192.168.5.3:8081", "user-agent" "PostmanRuntime/7.15.2", "content-type" "application/json", "content-length" "43", "connection" "keep-alive", "accept" "*/*", "accept-encoding" "gzip, deflate", "postman-token" "02398113-a056-4913-92c3-e16bf75c744e", "cache-control" "no-cache"}, :server-port 8081, :servlet-request #object[org.eclipse.jetty.server.Request 0x189c6371 "Request(POST //192.168.5.3:8081/profiles)@189c6371"], :content-length 43, :content-type "application/json", :path-info "/profiles", :character-encoding "UTF-8", :url-for #delay[{:status :pending, :val nil} 0x20d9a4c9], :uri "/profiles", :server-name "192.168.5.3", :query-string nil, :path-params {}, :body #object[org.eclipse.jetty.server.HttpInputOverHTTP 0x12400019 "HttpInputOverHTTP@12400019[c=43,q=0,[0]=null,s=STREAM]"], :scheme :http, :request-method :post, :context-path ""}, :line 21}
21:49:15.760 [qtp550304273-33] INFO  io.pedestal.http.cors  - {:msg "cors response processing", :cors-headers {"Access-Control-Allow-Origin" "", "Access-Control-Allow-Credentials" "true", "Access-Control-Expose-Headers" "Strict-Transport-Security, X-Frame-Options, X-Content-Type-Options, X-Xss-Protection, X-Download-Options, X-Permitted-Cross-Domain-Policies, Content-Security-Policy, Content-Type"}, :line 111}
21:49:18.428 [qtp550304273-29] INFO  io.pedestal.http  - {:msg "GET /", :line 80}
21:49:18.428 [qtp550304273-29] INFO  io.pedestal.http.cors  - {:msg "cors request processing", :origin "", :allowed true, :line 84}
21:49:18.435 [qtp550304273-29] INFO  io.pedestal.http.cors  - {:msg "cors response processing", :cors-headers {"Access-Control-Allow-Origin" "", "Access-Control-Allow-Credentials" "true", "Access-Control-Expose-Headers" "Strict-Transport-Security, X-Frame-Options, X-Content-Type-Options, X-Xss-Protection, X-Download-Options, X-Permitted-Cross-Domain-Policies, Content-Security-Policy, Content-Type"}, :line 111}
21:55:49.442 [qtp550304273-33] INFO  io.pedestal.http  - {:msg "POST /profiles", :line 80}
21:55:49.442 [qtp550304273-33] INFO  io.pedestal.http.cors  - {:msg "cors request processing", :origin "", :allowed true, :line 84}
21:55:49.452 [qtp550304273-33] INFO  nukr.service  - {:msg {:json-params {:name "Foo", :email "foo@foo.com"}, :protocol "HTTP/1.1", :async-supported? true, :remote-addr "192.168.5.1", :servlet-response #object[org.eclipse.jetty.server.Response 0x5b25dc48 "HTTP/1.1 200 \nDate: Sun, 28 Jul 2019 00:55:49 GMT\r\n\r\n"], :servlet #object[io.pedestal.http.servlet.FnServlet 0x1c426ae7 "io.pedestal.http.servlet.FnServlet@1c426ae7"], :headers {"origin" "", "host" "192.168.5.3:8081", "user-agent" "PostmanRuntime/7.15.2", "content-type" "application/json", "content-length" "43", "connection" "keep-alive", "accept" "*/*", "accept-encoding" "gzip, deflate", "postman-token" "d84b2bd2-23b6-47e6-86c3-e36e83aab17d", "cache-control" "no-cache"}, :server-port 8081, :servlet-request #object[org.eclipse.jetty.server.Request 0x25000980 "Request(POST //192.168.5.3:8081/profiles)@25000980"], :content-length 43, :content-type "application/json", :path-info "/profiles", :character-encoding "UTF-8", :url-for #delay[{:status :pending, :val nil} 0x37d295f1], :uri "/profiles", :server-name "192.168.5.3", :query-string nil, :path-params {}, :body #object[org.eclipse.jetty.server.HttpInputOverHTTP 0x5a40802e "HttpInputOverHTTP@5a40802e[c=43,q=0,[0]=null,s=STREAM]"], :scheme :http, :request-method :post, :context-path ""}, :line 21}
21:55:49.455 [qtp550304273-33] INFO  io.pedestal.http.cors  - {:msg "cors response processing", :cors-headers {"Access-Control-Allow-Origin" "", "Access-Control-Allow-Credentials" "true", "Access-Control-Expose-Headers" "Strict-Transport-Security, X-Frame-Options, X-Content-Type-Options, X-Xss-Protection, X-Download-Options, X-Permitted-Cross-Domain-Policies, Content-Security-Policy, Content-Type"}, :line 111}
21:55:52.209 [qtp550304273-31] INFO  io.pedestal.http  - {:msg "GET /", :line 80}
21:55:52.211 [qtp550304273-31] INFO  io.pedestal.http.cors  - {:msg "cors request processing", :origin "", :allowed true, :line 84}
21:55:52.222 [qtp550304273-31] INFO  io.pedestal.http.cors  - {:msg "cors response processing", :cors-headers {"Access-Control-Allow-Origin" "", "Access-Control-Allow-Credentials" "true", "Access-Control-Expose-Headers" "Strict-Transport-Security, X-Frame-Options, X-Content-Type-Options, X-Xss-Protection, X-Download-Options, X-Permitted-Cross-Domain-Policies, Content-Security-Policy, Content-Type"}, :line 111}
21:56:43.780 [qtp550304273-29] INFO  io.pedestal.http  - {:msg "GET /", :line 80}
21:56:43.781 [qtp550304273-29] INFO  io.pedestal.http.cors  - {:msg "cors request processing", :origin "", :allowed true, :line 84}
21:56:43.788 [qtp550304273-29] INFO  io.pedestal.http.cors  - {:msg "cors response processing", :cors-headers {"Access-Control-Allow-Origin" "", "Access-Control-Allow-Credentials" "true", "Access-Control-Expose-Headers" "Strict-Transport-Security, X-Frame-Options, X-Content-Type-Options, X-Xss-Protection, X-Download-Options, X-Permitted-Cross-Domain-Policies, Content-Security-Policy, Content-Type"}, :line 111}
21:56:47.200 [qtp550304273-32] INFO  io.pedestal.http  - {:msg "POST /profiles", :line 80}
21:56:47.201 [qtp550304273-32] INFO  io.pedestal.http.cors  - {:msg "cors request processing", :origin "", :allowed true, :line 84}
21:56:47.210 [qtp550304273-32] INFO  nukr.service  - {:msg {:json-params {:name "Foo", :email "foo@foo.com"}, :protocol "HTTP/1.1", :async-supported? true, :remote-addr "192.168.5.1", :servlet-response #object[org.eclipse.jetty.server.Response 0xa4fc768 "HTTP/1.1 200 \nDate: Sun, 28 Jul 2019 00:56:47 GMT\r\n\r\n"], :servlet #object[io.pedestal.http.servlet.FnServlet 0x1c426ae7 "io.pedestal.http.servlet.FnServlet@1c426ae7"], :headers {"origin" "", "host" "192.168.5.3:8081", "user-agent" "PostmanRuntime/7.15.2", "content-type" "application/json", "content-length" "43", "connection" "keep-alive", "accept" "*/*", "accept-encoding" "gzip, deflate", "postman-token" "920f79d1-0b1f-4bdd-a9dd-1235801060ad", "cache-control" "no-cache"}, :server-port 8081, :servlet-request #object[org.eclipse.jetty.server.Request 0xe7042f9 "Request(POST //192.168.5.3:8081/profiles)@e7042f9"], :content-length 43, :content-type "application/json", :path-info "/profiles", :character-encoding "UTF-8", :url-for #delay[{:status :pending, :val nil} 0x4b72cd53], :uri "/profiles", :server-name "192.168.5.3", :query-string nil, :path-params {}, :body #object[org.eclipse.jetty.server.HttpInputOverHTTP 0xe7361d5 "HttpInputOverHTTP@e7361d5[c=43,q=0,[0]=null,s=STREAM]"], :scheme :http, :request-method :post, :context-path ""}, :line 21}
21:56:47.212 [qtp550304273-32] INFO  io.pedestal.http.cors  - {:msg "cors response processing", :cors-headers {"Access-Control-Allow-Origin" "", "Access-Control-Allow-Credentials" "true", "Access-Control-Expose-Headers" "Strict-Transport-Security, X-Frame-Options, X-Content-Type-Options, X-Xss-Protection, X-Download-Options, X-Permitted-Cross-Domain-Policies, Content-Security-Policy, Content-Type"}, :line 111}
21:56:50.079 [qtp550304273-29] INFO  io.pedestal.http  - {:msg "GET /", :line 80}
21:56:50.080 [qtp550304273-29] INFO  io.pedestal.http.cors  - {:msg "cors request processing", :origin "", :allowed true, :line 84}
21:56:50.087 [qtp550304273-29] INFO  io.pedestal.http.cors  - {:msg "cors response processing", :cors-headers {"Access-Control-Allow-Origin" "", "Access-Control-Allow-Credentials" "true", "Access-Control-Expose-Headers" "Strict-Transport-Security, X-Frame-Options, X-Content-Type-Options, X-Xss-Protection, X-Download-Options, X-Permitted-Cross-Domain-Policies, Content-Security-Policy, Content-Type"}, :line 111}
21:56:52.433 [qtp550304273-32] INFO  io.pedestal.http  - {:msg "GET /", :line 80}
21:56:52.434 [qtp550304273-32] INFO  io.pedestal.http.cors  - {:msg "cors request processing", :origin "", :allowed true, :line 84}
21:56:52.441 [qtp550304273-32] INFO  io.pedestal.http.cors  - {:msg "cors response processing", :cors-headers {"Access-Control-Allow-Origin" "", "Access-Control-Allow-Credentials" "true", "Access-Control-Expose-Headers" "Strict-Transport-Security, X-Frame-Options, X-Content-Type-Options, X-Xss-Protection, X-Download-Options, X-Permitted-Cross-Domain-Policies, Content-Security-Policy, Content-Type"}, :line 111}
21:59:24.142 [qtp550304273-27] INFO  io.pedestal.http  - {:msg "GET /", :line 80}
21:59:24.142 [qtp550304273-27] INFO  io.pedestal.http.cors  - {:msg "cors request processing", :origin "", :allowed true, :line 84}
21:59:24.172 [qtp550304273-27] INFO  io.pedestal.http.cors  - {:msg "cors response processing", :cors-headers {"Access-Control-Allow-Origin" "", "Access-Control-Allow-Credentials" "true", "Access-Control-Expose-Headers" "Strict-Transport-Security, X-Frame-Options, X-Content-Type-Options, X-Xss-Protection, X-Download-Options, X-Permitted-Cross-Domain-Policies, Content-Security-Policy, Content-Type"}, :line 111}
21:59:29.546 [qtp550304273-31] INFO  io.pedestal.http  - {:msg "DELETE /", :line 80}
21:59:29.546 [qtp550304273-31] INFO  io.pedestal.http.cors  - {:msg "cors request processing", :origin "", :allowed true, :line 84}
21:59:29.553 [qtp550304273-31] INFO  io.pedestal.http.cors  - {:msg "cors response processing", :cors-headers {"Access-Control-Allow-Origin" "", "Access-Control-Allow-Credentials" "true", "Access-Control-Expose-Headers" "Strict-Transport-Security, X-Frame-Options, X-Content-Type-Options, X-Xss-Protection, X-Download-Options, X-Permitted-Cross-Domain-Policies, Content-Security-Policy, Content-Type"}, :line 111}
21:59:35.036 [qtp550304273-29] INFO  io.pedestal.http  - {:msg "GET /", :line 80}
21:59:35.037 [qtp550304273-29] INFO  io.pedestal.http.cors  - {:msg "cors request processing", :origin "", :allowed true, :line 84}
21:59:35.044 [qtp550304273-29] INFO  io.pedestal.http.cors  - {:msg "cors response processing", :cors-headers {"Access-Control-Allow-Origin" "", "Access-Control-Allow-Credentials" "true", "Access-Control-Expose-Headers" "Strict-Transport-Security, X-Frame-Options, X-Content-Type-Options, X-Xss-Protection, X-Download-Options, X-Permitted-Cross-Domain-Policies, Content-Security-Policy, Content-Type"}, :line 111}
21:59:42.175 [qtp550304273-31] INFO  io.pedestal.http  - {:msg "POST /profiles", :line 80}
21:59:42.175 [qtp550304273-31] INFO  io.pedestal.http.cors  - {:msg "cors request processing", :origin "", :allowed true, :line 84}
21:59:42.188 [qtp550304273-31] INFO  nukr.service  - {:msg {:json-params {:name "Foo", :email "foo@foo.com"}, :protocol "HTTP/1.1", :async-supported? true, :remote-addr "192.168.5.1", :servlet-response #object[org.eclipse.jetty.server.Response 0x564d9ce8 "HTTP/1.1 200 \nDate: Sun, 28 Jul 2019 00:59:42 GMT\r\n\r\n"], :servlet #object[io.pedestal.http.servlet.FnServlet 0x1c426ae7 "io.pedestal.http.servlet.FnServlet@1c426ae7"], :headers {"origin" "", "host" "192.168.5.3:8081", "user-agent" "PostmanRuntime/7.15.2", "content-type" "application/json", "content-length" "43", "connection" "keep-alive", "accept" "*/*", "accept-encoding" "gzip, deflate", "postman-token" "c5963d3f-11ed-40eb-8b6e-4efc147aa125", "cache-control" "no-cache"}, :server-port 8081, :servlet-request #object[org.eclipse.jetty.server.Request 0x3680bec8 "Request(POST //192.168.5.3:8081/profiles)@3680bec8"], :content-length 43, :content-type "application/json", :path-info "/profiles", :character-encoding "UTF-8", :url-for #delay[{:status :pending, :val nil} 0x301c4efc], :uri "/profiles", :server-name "192.168.5.3", :query-string nil, :path-params {}, :body #object[org.eclipse.jetty.server.HttpInputOverHTTP 0x7ea426d9 "HttpInputOverHTTP@7ea426d9[c=43,q=0,[0]=null,s=STREAM]"], :scheme :http, :request-method :post, :context-path ""}, :line 25}
21:59:42.190 [qtp550304273-31] INFO  io.pedestal.http.cors  - {:msg "cors response processing", :cors-headers {"Access-Control-Allow-Origin" "", "Access-Control-Allow-Credentials" "true", "Access-Control-Expose-Headers" "Strict-Transport-Security, X-Frame-Options, X-Content-Type-Options, X-Xss-Protection, X-Download-Options, X-Permitted-Cross-Domain-Policies, Content-Security-Policy, Content-Type"}, :line 111}
21:59:45.040 [qtp550304273-29] INFO  io.pedestal.http  - {:msg "GET /", :line 80}
21:59:45.040 [qtp550304273-29] INFO  io.pedestal.http.cors  - {:msg "cors request processing", :origin "", :allowed true, :line 84}
21:59:45.054 [qtp550304273-29] INFO  io.pedestal.http.cors  - {:msg "cors response processing", :cors-headers {"Access-Control-Allow-Origin" "", "Access-Control-Allow-Credentials" "true", "Access-Control-Expose-Headers" "Strict-Transport-Security, X-Frame-Options, X-Content-Type-Options, X-Xss-Protection, X-Download-Options, X-Permitted-Cross-Domain-Policies, Content-Security-Policy, Content-Type"}, :line 111}
21:59:49.757 [qtp550304273-31] INFO  io.pedestal.http  - {:msg "POST /profiles", :line 80}
21:59:49.758 [qtp550304273-31] INFO  io.pedestal.http.cors  - {:msg "cors request processing", :origin "", :allowed true, :line 84}
21:59:49.766 [qtp550304273-31] INFO  nukr.service  - {:msg {:json-params {:name "Foo", :email "foo@foo.com"}, :protocol "HTTP/1.1", :async-supported? true, :remote-addr "192.168.5.1", :servlet-response #object[org.eclipse.jetty.server.Response 0x564d9ce8 "HTTP/1.1 200 \nDate: Sun, 28 Jul 2019 00:59:49 GMT\r\n\r\n"], :servlet #object[io.pedestal.http.servlet.FnServlet 0x1c426ae7 "io.pedestal.http.servlet.FnServlet@1c426ae7"], :headers {"origin" "", "host" "192.168.5.3:8081", "user-agent" "PostmanRuntime/7.15.2", "content-type" "application/json", "content-length" "43", "connection" "keep-alive", "accept" "*/*", "accept-encoding" "gzip, deflate", "postman-token" "627c5549-a8a0-4227-9c00-6aa3f203b6aa", "cache-control" "no-cache"}, :server-port 8081, :servlet-request #object[org.eclipse.jetty.server.Request 0x3680bec8 "Request(POST //192.168.5.3:8081/profiles)@3680bec8"], :content-length 43, :content-type "application/json", :path-info "/profiles", :character-encoding "UTF-8", :url-for #delay[{:status :pending, :val nil} 0x44b44f39], :uri "/profiles", :server-name "192.168.5.3", :query-string nil, :path-params {}, :body #object[org.eclipse.jetty.server.HttpInputOverHTTP 0x7ea426d9 "HttpInputOverHTTP@7ea426d9[c=43,q=0,[0]=null,s=STREAM]"], :scheme :http, :request-method :post, :context-path ""}, :line 25}
21:59:49.768 [qtp550304273-31] INFO  io.pedestal.http.cors  - {:msg "cors response processing", :cors-headers {"Access-Control-Allow-Origin" "", "Access-Control-Allow-Credentials" "true", "Access-Control-Expose-Headers" "Strict-Transport-Security, X-Frame-Options, X-Content-Type-Options, X-Xss-Protection, X-Download-Options, X-Permitted-Cross-Domain-Policies, Content-Security-Policy, Content-Type"}, :line 111}
21:59:52.086 [qtp550304273-29] INFO  io.pedestal.http  - {:msg "GET /", :line 80}
21:59:52.087 [qtp550304273-29] INFO  io.pedestal.http.cors  - {:msg "cors request processing", :origin "", :allowed true, :line 84}
21:59:52.094 [qtp550304273-29] INFO  io.pedestal.http.cors  - {:msg "cors response processing", :cors-headers {"Access-Control-Allow-Origin" "", "Access-Control-Allow-Credentials" "true", "Access-Control-Expose-Headers" "Strict-Transport-Security, X-Frame-Options, X-Content-Type-Options, X-Xss-Protection, X-Download-Options, X-Permitted-Cross-Domain-Policies, Content-Security-Policy, Content-Type"}, :line 111}
22:02:56.388 [qtp550304273-27] INFO  io.pedestal.http  - {:msg "DELETE /", :line 80}
22:02:56.388 [qtp550304273-27] INFO  io.pedestal.http.cors  - {:msg "cors request processing", :origin "", :allowed true, :line 84}
22:02:56.395 [qtp550304273-27] INFO  io.pedestal.http.cors  - {:msg "cors response processing", :cors-headers {"Access-Control-Allow-Origin" "", "Access-Control-Allow-Credentials" "true", "Access-Control-Expose-Headers" "Strict-Transport-Security, X-Frame-Options, X-Content-Type-Options, X-Xss-Protection, X-Download-Options, X-Permitted-Cross-Domain-Policies, Content-Security-Policy, Content-Type"}, :line 111}
22:03:00.083 [qtp550304273-32] INFO  io.pedestal.http  - {:msg "GET /", :line 80}
22:03:00.084 [qtp550304273-32] INFO  io.pedestal.http.cors  - {:msg "cors request processing", :origin "", :allowed true, :line 84}
22:03:00.105 [qtp550304273-32] INFO  io.pedestal.http.cors  - {:msg "cors response processing", :cors-headers {"Access-Control-Allow-Origin" "", "Access-Control-Allow-Credentials" "true", "Access-Control-Expose-Headers" "Strict-Transport-Security, X-Frame-Options, X-Content-Type-Options, X-Xss-Protection, X-Download-Options, X-Permitted-Cross-Domain-Policies, Content-Security-Policy, Content-Type"}, :line 111}
22:03:10.757 [qtp550304273-33] INFO  io.pedestal.http  - {:msg "POST /profiles", :line 80}
22:03:10.757 [qtp550304273-33] INFO  io.pedestal.http.cors  - {:msg "cors request processing", :origin "", :allowed true, :line 84}
22:03:10.766 [qtp550304273-33] INFO  nukr.service  - {:msg {:json-params {:name "Foo", :email "foo@foo.com"}, :protocol "HTTP/1.1", :async-supported? true, :remote-addr "192.168.5.1", :servlet-response #object[org.eclipse.jetty.server.Response 0xa9b80d5 "HTTP/1.1 200 \nDate: Sun, 28 Jul 2019 01:03:10 GMT\r\n\r\n"], :servlet #object[io.pedestal.http.servlet.FnServlet 0x1c426ae7 "io.pedestal.http.servlet.FnServlet@1c426ae7"], :headers {"origin" "", "host" "192.168.5.3:8081", "user-agent" "PostmanRuntime/7.15.2", "content-type" "application/json", "content-length" "43", "connection" "keep-alive", "accept" "*/*", "accept-encoding" "gzip, deflate", "postman-token" "728d1248-9674-40a4-b511-3d5f5b3a7b02", "cache-control" "no-cache"}, :server-port 8081, :servlet-request #object[org.eclipse.jetty.server.Request 0x2945e16a "Request(POST //192.168.5.3:8081/profiles)@2945e16a"], :content-length 43, :content-type "application/json", :path-info "/profiles", :character-encoding "UTF-8", :url-for #delay[{:status :pending, :val nil} 0x4e94ec85], :uri "/profiles", :server-name "192.168.5.3", :query-string nil, :path-params {}, :body #object[org.eclipse.jetty.server.HttpInputOverHTTP 0x18df40aa "HttpInputOverHTTP@18df40aa[c=43,q=0,[0]=null,s=STREAM]"], :scheme :http, :request-method :post, :context-path ""}, :line 25}
22:03:10.774 [qtp550304273-33] ERROR i.p.http.impl.servlet-interceptor  - {:msg "Dev interceptor caught an exception; Forwarding it as the response.", :line 314}
clojure.lang.ExceptionInfo: java.lang.IllegalArgumentException in Interceptor  - Wrong number of args passed to keyword: :connection-rank
	at io.pedestal.interceptor.chain$throwable__GT_ex_info.invokeStatic(chain.clj:35)
	at io.pedestal.interceptor.chain$throwable__GT_ex_info.invoke(chain.clj:32)
	at io.pedestal.interceptor.chain$try_f.invokeStatic(chain.clj:57)
	at io.pedestal.interceptor.chain$try_f.invoke(chain.clj:44)
	at io.pedestal.interceptor.chain$process_all_with_binding.invokeStatic(chain.clj:171)
	at io.pedestal.interceptor.chain$process_all_with_binding.invoke(chain.clj:146)
	at io.pedestal.interceptor.chain$process_all$fn__10616.invoke(chain.clj:188)
	at clojure.lang.AFn.applyToHelper(AFn.java:152)
	at clojure.lang.AFn.applyTo(AFn.java:144)
	at clojure.core$apply.invokeStatic(core.clj:665)
	at clojure.core$with_bindings_STAR_.invokeStatic(core.clj:1973)
	at clojure.core$with_bindings_STAR_.doInvoke(core.clj:1973)
	at clojure.lang.RestFn.invoke(RestFn.java:425)
	at io.pedestal.interceptor.chain$process_all.invokeStatic(chain.clj:186)
	at io.pedestal.interceptor.chain$process_all.invoke(chain.clj:182)
	at io.pedestal.interceptor.chain$enter_all.invokeStatic(chain.clj:235)
	at io.pedestal.interceptor.chain$enter_all.invoke(chain.clj:229)
	at io.pedestal.interceptor.chain$execute.invokeStatic(chain.clj:379)
	at io.pedestal.interceptor.chain$execute.invoke(chain.clj:352)
	at io.pedestal.interceptor.chain$execute.invokeStatic(chain.clj:389)
	at io.pedestal.interceptor.chain$execute.invoke(chain.clj:352)
	at io.pedestal.http.impl.servlet_interceptor$interceptor_service_fn$fn__15770.invoke(servlet_interceptor.clj:351)
	at io.pedestal.http.servlet.FnServlet.service(servlet.clj:28)
	at org.eclipse.jetty.servlet.ServletHolder.handle(ServletHolder.java:873)
	at org.eclipse.jetty.servlet.ServletHandler.doHandle(ServletHandler.java:542)
	at org.eclipse.jetty.server.handler.ScopedHandler.nextHandle(ScopedHandler.java:255)
	at org.eclipse.jetty.server.handler.ContextHandler.doHandle(ContextHandler.java:1345)
	at org.eclipse.jetty.server.handler.ScopedHandler.nextScope(ScopedHandler.java:203)
	at org.eclipse.jetty.servlet.ServletHandler.doScope(ServletHandler.java:480)
	at org.eclipse.jetty.server.handler.ScopedHandler.nextScope(ScopedHandler.java:201)
	at org.eclipse.jetty.server.handler.ContextHandler.doScope(ContextHandler.java:1247)
	at org.eclipse.jetty.server.handler.ScopedHandler.handle(ScopedHandler.java:144)
	at org.eclipse.jetty.server.handler.HandlerWrapper.handle(HandlerWrapper.java:132)
	at org.eclipse.jetty.server.Server.handle(Server.java:505)
	at org.eclipse.jetty.server.HttpChannel.handle(HttpChannel.java:370)
	at org.eclipse.jetty.server.HttpConnection.onFillable(HttpConnection.java:267)
	at org.eclipse.jetty.io.AbstractConnection$ReadCallback.succeeded(AbstractConnection.java:305)
	at org.eclipse.jetty.io.FillInterest.fillable(FillInterest.java:103)
	at org.eclipse.jetty.io.ChannelEndPoint$2.run(ChannelEndPoint.java:117)
	at org.eclipse.jetty.util.thread.strategy.EatWhatYouKill.runTask(EatWhatYouKill.java:333)
	at org.eclipse.jetty.util.thread.strategy.EatWhatYouKill.doProduce(EatWhatYouKill.java:310)
	at org.eclipse.jetty.util.thread.strategy.EatWhatYouKill.tryProduce(EatWhatYouKill.java:168)
	at org.eclipse.jetty.util.thread.strategy.EatWhatYouKill.run(EatWhatYouKill.java:126)
	at org.eclipse.jetty.util.thread.ReservedThreadExecutor$ReservedThread.run(ReservedThreadExecutor.java:366)
	at org.eclipse.jetty.util.thread.QueuedThreadPool.runJob(QueuedThreadPool.java:698)
	at org.eclipse.jetty.util.thread.QueuedThreadPool$Runner.run(QueuedThreadPool.java:804)
	at java.lang.Thread.run(Thread.java:748)
Caused by: java.lang.IllegalArgumentException: Wrong number of args passed to keyword: :connection-rank
	at clojure.lang.Keyword.throwArity(Keyword.java:98)
	at clojure.lang.Keyword.invoke(Keyword.java:110)
	at nukr.database$add_profile$fn__24910.invoke(/home/matheus/nukr/src/nukr/database.clj:17)
	at clojure.lang.Atom.swap(Atom.java:51)
	at clojure.core$swap_BANG_.invokeStatic(core.clj:2353)
	at clojure.core$swap_BANG_.invoke(core.clj:2345)
	at nukr.database$add_profile.invokeStatic(/home/matheus/nukr/src/nukr/database.clj:11)
	at nukr.database$add_profile.invoke(/home/matheus/nukr/src/nukr/database.clj:9)
	at nukr.controller$add_profile.invokeStatic(/home/matheus/nukr/src/nukr/controller.clj:14)
	at nukr.controller$add_profile.invoke(/home/matheus/nukr/src/nukr/controller.clj:11)
	at nukr.service$post_profiles.invokeStatic(/home/matheus/nukr/src/nukr/service.clj:26)
	at nukr.service$post_profiles.invoke(/home/matheus/nukr/src/nukr/service.clj:23)
	at io.pedestal.interceptor$eval298$fn__299$fn__300.invoke(interceptor.clj:41)
	at io.pedestal.interceptor.chain$try_f.invokeStatic(chain.clj:54)
	... 44 common frames omitted
22:03:28.469 [qtp550304273-32] INFO  io.pedestal.http  - {:msg "POST /profiles", :line 80}
22:03:28.469 [qtp550304273-32] INFO  io.pedestal.http.cors  - {:msg "cors request processing", :origin "", :allowed true, :line 84}
22:03:28.477 [qtp550304273-32] INFO  nukr.service  - {:msg {:json-params {:name "Foo", :email "foo@foo.com"}, :protocol "HTTP/1.1", :async-supported? true, :remote-addr "192.168.5.1", :servlet-response #object[org.eclipse.jetty.server.Response 0xa9b80d5 "HTTP/1.1 200 \nDate: Sun, 28 Jul 2019 01:03:28 GMT\r\n\r\n"], :servlet #object[io.pedestal.http.servlet.FnServlet 0x1c426ae7 "io.pedestal.http.servlet.FnServlet@1c426ae7"], :headers {"origin" "", "host" "192.168.5.3:8081", "user-agent" "PostmanRuntime/7.15.2", "content-type" "application/json", "content-length" "43", "connection" "keep-alive", "accept" "*/*", "accept-encoding" "gzip, deflate", "postman-token" "73ae505b-32c4-4564-9425-04241e5a4be9", "cache-control" "no-cache"}, :server-port 8081, :servlet-request #object[org.eclipse.jetty.server.Request 0x2945e16a "Request(POST //192.168.5.3:8081/profiles)@2945e16a"], :content-length 43, :content-type "application/json", :path-info "/profiles", :character-encoding "UTF-8", :url-for #delay[{:status :pending, :val nil} 0x769871c9], :uri "/profiles", :server-name "192.168.5.3", :query-string nil, :path-params {}, :body #object[org.eclipse.jetty.server.HttpInputOverHTTP 0x18df40aa "HttpInputOverHTTP@18df40aa[c=43,q=0,[0]=null,s=STREAM]"], :scheme :http, :request-method :post, :context-path ""}, :line 25}
22:03:28.480 [qtp550304273-32] INFO  io.pedestal.http.cors  - {:msg "cors response processing", :cors-headers {"Access-Control-Allow-Origin" "", "Access-Control-Allow-Credentials" "true", "Access-Control-Expose-Headers" "Strict-Transport-Security, X-Frame-Options, X-Content-Type-Options, X-Xss-Protection, X-Download-Options, X-Permitted-Cross-Domain-Policies, Content-Security-Policy, Content-Type"}, :line 111}
22:03:33.550 [qtp550304273-33] INFO  io.pedestal.http  - {:msg "GET /", :line 80}
22:03:33.550 [qtp550304273-33] INFO  io.pedestal.http.cors  - {:msg "cors request processing", :origin "", :allowed true, :line 84}
22:03:33.558 [qtp550304273-33] INFO  io.pedestal.http.cors  - {:msg "cors response processing", :cors-headers {"Access-Control-Allow-Origin" "", "Access-Control-Allow-Credentials" "true", "Access-Control-Expose-Headers" "Strict-Transport-Security, X-Frame-Options, X-Content-Type-Options, X-Xss-Protection, X-Download-Options, X-Permitted-Cross-Domain-Policies, Content-Security-Policy, Content-Type"}, :line 111}
22:03:42.711 [qtp550304273-32] INFO  io.pedestal.http  - {:msg "POST /profiles", :line 80}
22:03:42.711 [qtp550304273-32] INFO  io.pedestal.http.cors  - {:msg "cors request processing", :origin "", :allowed true, :line 84}
22:03:42.719 [qtp550304273-32] INFO  nukr.service  - {:msg {:json-params {:name "Foo", :email "foo@foo.com"}, :protocol "HTTP/1.1", :async-supported? true, :remote-addr "192.168.5.1", :servlet-response #object[org.eclipse.jetty.server.Response 0xa9b80d5 "HTTP/1.1 200 \nDate: Sun, 28 Jul 2019 01:03:42 GMT\r\n\r\n"], :servlet #object[io.pedestal.http.servlet.FnServlet 0x1c426ae7 "io.pedestal.http.servlet.FnServlet@1c426ae7"], :headers {"origin" "", "host" "192.168.5.3:8081", "user-agent" "PostmanRuntime/7.15.2", "content-type" "application/json", "content-length" "43", "connection" "keep-alive", "accept" "*/*", "accept-encoding" "gzip, deflate", "postman-token" "de0fd036-8318-49e7-b344-9e2f888d4c7f", "cache-control" "no-cache"}, :server-port 8081, :servlet-request #object[org.eclipse.jetty.server.Request 0x2945e16a "Request(POST //192.168.5.3:8081/profiles)@2945e16a"], :content-length 43, :content-type "application/json", :path-info "/profiles", :character-encoding "UTF-8", :url-for #delay[{:status :pending, :val nil} 0x2b5d321c], :uri "/profiles", :server-name "192.168.5.3", :query-string nil, :path-params {}, :body #object[org.eclipse.jetty.server.HttpInputOverHTTP 0x18df40aa "HttpInputOverHTTP@18df40aa[c=43,q=0,[0]=null,s=STREAM]"], :scheme :http, :request-method :post, :context-path ""}, :line 25}
22:03:42.720 [qtp550304273-32] INFO  io.pedestal.http.cors  - {:msg "cors response processing", :cors-headers {"Access-Control-Allow-Origin" "", "Access-Control-Allow-Credentials" "true", "Access-Control-Expose-Headers" "Strict-Transport-Security, X-Frame-Options, X-Content-Type-Options, X-Xss-Protection, X-Download-Options, X-Permitted-Cross-Domain-Policies, Content-Security-Policy, Content-Type"}, :line 111}
22:03:44.967 [qtp550304273-33] INFO  io.pedestal.http  - {:msg "GET /", :line 80}
22:03:44.968 [qtp550304273-33] INFO  io.pedestal.http.cors  - {:msg "cors request processing", :origin "", :allowed true, :line 84}
22:03:44.975 [qtp550304273-33] INFO  io.pedestal.http.cors  - {:msg "cors response processing", :cors-headers {"Access-Control-Allow-Origin" "", "Access-Control-Allow-Credentials" "true", "Access-Control-Expose-Headers" "Strict-Transport-Security, X-Frame-Options, X-Content-Type-Options, X-Xss-Protection, X-Download-Options, X-Permitted-Cross-Domain-Policies, Content-Security-Policy, Content-Type"}, :line 111}
23:01:03.022 [qtp550304273-32] INFO  io.pedestal.http  - {:msg "GET /", :line 80}
23:01:03.023 [qtp550304273-32] INFO  io.pedestal.http.cors  - {:msg "cors request processing", :origin "", :allowed true, :line 84}
23:01:03.033 [qtp550304273-32] INFO  io.pedestal.http.cors  - {:msg "cors response processing", :cors-headers {"Access-Control-Allow-Origin" "", "Access-Control-Allow-Credentials" "true", "Access-Control-Expose-Headers" "Strict-Transport-Security, X-Frame-Options, X-Content-Type-Options, X-Xss-Protection, X-Download-Options, X-Permitted-Cross-Domain-Policies, Content-Security-Policy, Content-Type"}, :line 111}
23:14:23.624 [qtp550304273-27] INFO  io.pedestal.http  - {:msg "GET /", :line 80}
23:14:23.624 [qtp550304273-27] INFO  io.pedestal.http.cors  - {:msg "cors request processing", :origin "", :allowed true, :line 84}
23:14:23.630 [qtp550304273-27] INFO  io.pedestal.http.cors  - {:msg "cors response processing", :cors-headers {"Access-Control-Allow-Origin" "", "Access-Control-Allow-Credentials" "true", "Access-Control-Expose-Headers" "Strict-Transport-Security, X-Frame-Options, X-Content-Type-Options, X-Xss-Protection, X-Download-Options, X-Permitted-Cross-Domain-Policies, Content-Security-Policy, Content-Type"}, :line 111}
23:14:27.181 [qtp550304273-26] INFO  io.pedestal.http  - {:msg "POST /profiles", :line 80}
23:14:27.181 [qtp550304273-26] INFO  io.pedestal.http.cors  - {:msg "cors request processing", :origin "", :allowed true, :line 84}
23:14:27.189 [qtp550304273-26] INFO  nukr.service  - {:msg {:json-params {:name "Foo", :email "foo@foo.com"}, :protocol "HTTP/1.1", :async-supported? true, :remote-addr "192.168.5.1", :servlet-response #object[org.eclipse.jetty.server.Response 0x53b15953 "HTTP/1.1 200 \nDate: Sun, 28 Jul 2019 02:14:27 GMT\r\n\r\n"], :servlet #object[io.pedestal.http.servlet.FnServlet 0x1c426ae7 "io.pedestal.http.servlet.FnServlet@1c426ae7"], :headers {"origin" "", "host" "192.168.5.3:8081", "user-agent" "PostmanRuntime/7.15.2", "content-type" "application/json", "content-length" "43", "connection" "keep-alive", "accept" "*/*", "accept-encoding" "gzip, deflate", "postman-token" "24003bc5-6df4-4fc1-95c7-53a74ff40cea", "cache-control" "no-cache"}, :server-port 8081, :servlet-request #object[org.eclipse.jetty.server.Request 0x1ecdb5eb "Request(POST //192.168.5.3:8081/profiles)@1ecdb5eb"], :content-length 43, :content-type "application/json", :path-info "/profiles", :character-encoding "UTF-8", :url-for #delay[{:status :pending, :val nil} 0x1bbdab9d], :uri "/profiles", :server-name "192.168.5.3", :query-string nil, :path-params {}, :body #object[org.eclipse.jetty.server.HttpInputOverHTTP 0x5c4bdfc1 "HttpInputOverHTTP@5c4bdfc1[c=43,q=0,[0]=null,s=STREAM]"], :scheme :http, :request-method :post, :context-path ""}, :line 25}
23:14:27.192 [qtp550304273-26] INFO  io.pedestal.http.cors  - {:msg "cors response processing", :cors-headers {"Access-Control-Allow-Origin" "", "Access-Control-Allow-Credentials" "true", "Access-Control-Expose-Headers" "Strict-Transport-Security, X-Frame-Options, X-Content-Type-Options, X-Xss-Protection, X-Download-Options, X-Permitted-Cross-Domain-Policies, Content-Security-Policy, Content-Type"}, :line 111}
23:14:30.022 [qtp550304273-33] INFO  io.pedestal.http  - {:msg "GET /", :line 80}
23:14:30.022 [qtp550304273-33] INFO  io.pedestal.http.cors  - {:msg "cors request processing", :origin "", :allowed true, :line 84}
23:14:30.031 [qtp550304273-33] INFO  io.pedestal.http.cors  - {:msg "cors response processing", :cors-headers {"Access-Control-Allow-Origin" "", "Access-Control-Allow-Credentials" "true", "Access-Control-Expose-Headers" "Strict-Transport-Security, X-Frame-Options, X-Content-Type-Options, X-Xss-Protection, X-Download-Options, X-Permitted-Cross-Domain-Policies, Content-Security-Policy, Content-Type"}, :line 111}
23:14:36.147 [qtp550304273-26] INFO  io.pedestal.http  - {:msg "POST /profiles", :line 80}
23:14:36.147 [qtp550304273-26] INFO  io.pedestal.http.cors  - {:msg "cors request processing", :origin "", :allowed true, :line 84}
23:14:36.154 [qtp550304273-26] INFO  nukr.service  - {:msg {:json-params {:name "Foo", :email "foo@foo.com"}, :protocol "HTTP/1.1", :async-supported? true, :remote-addr "192.168.5.1", :servlet-response #object[org.eclipse.jetty.server.Response 0x53b15953 "HTTP/1.1 200 \nDate: Sun, 28 Jul 2019 02:14:36 GMT\r\n\r\n"], :servlet #object[io.pedestal.http.servlet.FnServlet 0x1c426ae7 "io.pedestal.http.servlet.FnServlet@1c426ae7"], :headers {"origin" "", "host" "192.168.5.3:8081", "user-agent" "PostmanRuntime/7.15.2", "content-type" "application/json", "content-length" "43", "connection" "keep-alive", "accept" "*/*", "accept-encoding" "gzip, deflate", "postman-token" "80204505-0da8-45f5-91a8-75a122d5f7e0", "cache-control" "no-cache"}, :server-port 8081, :servlet-request #object[org.eclipse.jetty.server.Request 0x1ecdb5eb "Request(POST //192.168.5.3:8081/profiles)@1ecdb5eb"], :content-length 43, :content-type "application/json", :path-info "/profiles", :character-encoding "UTF-8", :url-for #delay[{:status :pending, :val nil} 0x5e97eda], :uri "/profiles", :server-name "192.168.5.3", :query-string nil, :path-params {}, :body #object[org.eclipse.jetty.server.HttpInputOverHTTP 0x5c4bdfc1 "HttpInputOverHTTP@5c4bdfc1[c=43,q=0,[0]=null,s=STREAM]"], :scheme :http, :request-method :post, :context-path ""}, :line 25}
23:14:36.156 [qtp550304273-26] INFO  io.pedestal.http.cors  - {:msg "cors response processing", :cors-headers {"Access-Control-Allow-Origin" "", "Access-Control-Allow-Credentials" "true", "Access-Control-Expose-Headers" "Strict-Transport-Security, X-Frame-Options, X-Content-Type-Options, X-Xss-Protection, X-Download-Options, X-Permitted-Cross-Domain-Policies, Content-Security-Policy, Content-Type"}, :line 111}
23:14:38.314 [qtp550304273-33] INFO  io.pedestal.http  - {:msg "GET /", :line 80}
23:14:38.314 [qtp550304273-33] INFO  io.pedestal.http.cors  - {:msg "cors request processing", :origin "", :allowed true, :line 84}
23:14:38.327 [qtp550304273-33] INFO  io.pedestal.http.cors  - {:msg "cors response processing", :cors-headers {"Access-Control-Allow-Origin" "", "Access-Control-Allow-Credentials" "true", "Access-Control-Expose-Headers" "Strict-Transport-Security, X-Frame-Options, X-Content-Type-Options, X-Xss-Protection, X-Download-Options, X-Permitted-Cross-Domain-Policies, Content-Security-Policy, Content-Type"}, :line 111}
23:15:34.061 [qtp550304273-30] INFO  io.pedestal.http  - {:msg "DELETE /", :line 80}
23:15:34.062 [qtp550304273-30] INFO  io.pedestal.http.cors  - {:msg "cors request processing", :origin "", :allowed true, :line 84}
23:15:34.089 [qtp550304273-30] INFO  io.pedestal.http.cors  - {:msg "cors response processing", :cors-headers {"Access-Control-Allow-Origin" "", "Access-Control-Allow-Credentials" "true", "Access-Control-Expose-Headers" "Strict-Transport-Security, X-Frame-Options, X-Content-Type-Options, X-Xss-Protection, X-Download-Options, X-Permitted-Cross-Domain-Policies, Content-Security-Policy, Content-Type"}, :line 111}
23:15:37.664 [qtp550304273-29] INFO  io.pedestal.http  - {:msg "GET /", :line 80}
23:15:37.665 [qtp550304273-29] INFO  io.pedestal.http.cors  - {:msg "cors request processing", :origin "", :allowed true, :line 84}
23:15:37.672 [qtp550304273-29] INFO  io.pedestal.http.cors  - {:msg "cors response processing", :cors-headers {"Access-Control-Allow-Origin" "", "Access-Control-Allow-Credentials" "true", "Access-Control-Expose-Headers" "Strict-Transport-Security, X-Frame-Options, X-Content-Type-Options, X-Xss-Protection, X-Download-Options, X-Permitted-Cross-Domain-Policies, Content-Security-Policy, Content-Type"}, :line 111}
23:15:46.173 [qtp550304273-30] INFO  io.pedestal.http  - {:msg "POST /profiles", :line 80}
23:15:46.174 [qtp550304273-30] INFO  io.pedestal.http.cors  - {:msg "cors request processing", :origin "", :allowed true, :line 84}
23:15:46.183 [qtp550304273-30] INFO  nukr.service  - {:msg {:json-params {:name "Foo", :email "foo@foo.com"}, :protocol "HTTP/1.1", :async-supported? true, :remote-addr "192.168.5.1", :servlet-response #object[org.eclipse.jetty.server.Response 0x288397f3 "HTTP/1.1 200 \nDate: Sun, 28 Jul 2019 02:15:46 GMT\r\n\r\n"], :servlet #object[io.pedestal.http.servlet.FnServlet 0x1c426ae7 "io.pedestal.http.servlet.FnServlet@1c426ae7"], :headers {"origin" "", "host" "192.168.5.3:8081", "user-agent" "PostmanRuntime/7.15.2", "content-type" "application/json", "content-length" "43", "connection" "keep-alive", "accept" "*/*", "accept-encoding" "gzip, deflate", "postman-token" "d1beaad0-0506-47c0-8213-fab7190baa1b", "cache-control" "no-cache"}, :server-port 8081, :servlet-request #object[org.eclipse.jetty.server.Request 0x2b51d6cf "Request(POST //192.168.5.3:8081/profiles)@2b51d6cf"], :content-length 43, :content-type "application/json", :path-info "/profiles", :character-encoding "UTF-8", :url-for #delay[{:status :pending, :val nil} 0x1962ebd0], :uri "/profiles", :server-name "192.168.5.3", :query-string nil, :path-params {}, :body #object[org.eclipse.jetty.server.HttpInputOverHTTP 0x5448906 "HttpInputOverHTTP@5448906[c=43,q=0,[0]=null,s=STREAM]"], :scheme :http, :request-method :post, :context-path ""}, :line 25}
23:15:46.184 [qtp550304273-30] INFO  io.pedestal.http.cors  - {:msg "cors response processing", :cors-headers {"Access-Control-Allow-Origin" "", "Access-Control-Allow-Credentials" "true", "Access-Control-Expose-Headers" "Strict-Transport-Security, X-Frame-Options, X-Content-Type-Options, X-Xss-Protection, X-Download-Options, X-Permitted-Cross-Domain-Policies, Content-Security-Policy, Content-Type"}, :line 111}
23:15:48.554 [qtp550304273-29] INFO  io.pedestal.http  - {:msg "GET /", :line 80}
23:15:48.555 [qtp550304273-29] INFO  io.pedestal.http.cors  - {:msg "cors request processing", :origin "", :allowed true, :line 84}
23:15:48.564 [qtp550304273-29] INFO  io.pedestal.http.cors  - {:msg "cors response processing", :cors-headers {"Access-Control-Allow-Origin" "", "Access-Control-Allow-Credentials" "true", "Access-Control-Expose-Headers" "Strict-Transport-Security, X-Frame-Options, X-Content-Type-Options, X-Xss-Protection, X-Download-Options, X-Permitted-Cross-Domain-Policies, Content-Security-Policy, Content-Type"}, :line 111}
23:15:52.728 [qtp550304273-30] INFO  io.pedestal.http  - {:msg "POST /profiles", :line 80}
23:15:52.729 [qtp550304273-30] INFO  io.pedestal.http.cors  - {:msg "cors request processing", :origin "", :allowed true, :line 84}
23:15:52.736 [qtp550304273-30] INFO  nukr.service  - {:msg {:json-params {:name "Foo", :email "foo@foo.com"}, :protocol "HTTP/1.1", :async-supported? true, :remote-addr "192.168.5.1", :servlet-response #object[org.eclipse.jetty.server.Response 0x288397f3 "HTTP/1.1 200 \nDate: Sun, 28 Jul 2019 02:15:52 GMT\r\n\r\n"], :servlet #object[io.pedestal.http.servlet.FnServlet 0x1c426ae7 "io.pedestal.http.servlet.FnServlet@1c426ae7"], :headers {"origin" "", "host" "192.168.5.3:8081", "user-agent" "PostmanRuntime/7.15.2", "content-type" "application/json", "content-length" "43", "connection" "keep-alive", "accept" "*/*", "accept-encoding" "gzip, deflate", "postman-token" "deb65c53-1d18-488c-bee5-5595d54322d2", "cache-control" "no-cache"}, :server-port 8081, :servlet-request #object[org.eclipse.jetty.server.Request 0x2b51d6cf "Request(POST //192.168.5.3:8081/profiles)@2b51d6cf"], :content-length 43, :content-type "application/json", :path-info "/profiles", :character-encoding "UTF-8", :url-for #delay[{:status :pending, :val nil} 0x314cba52], :uri "/profiles", :server-name "192.168.5.3", :query-string nil, :path-params {}, :body #object[org.eclipse.jetty.server.HttpInputOverHTTP 0x5448906 "HttpInputOverHTTP@5448906[c=43,q=0,[0]=null,s=STREAM]"], :scheme :http, :request-method :post, :context-path ""}, :line 25}
23:15:52.738 [qtp550304273-30] INFO  io.pedestal.http.cors  - {:msg "cors response processing", :cors-headers {"Access-Control-Allow-Origin" "", "Access-Control-Allow-Credentials" "true", "Access-Control-Expose-Headers" "Strict-Transport-Security, X-Frame-Options, X-Content-Type-Options, X-Xss-Protection, X-Download-Options, X-Permitted-Cross-Domain-Policies, Content-Security-Policy, Content-Type"}, :line 111}
23:15:54.736 [qtp550304273-29] INFO  io.pedestal.http  - {:msg "GET /", :line 80}
23:15:54.736 [qtp550304273-29] INFO  io.pedestal.http.cors  - {:msg "cors request processing", :origin "", :allowed true, :line 84}
23:15:54.742 [qtp550304273-29] INFO  io.pedestal.http.cors  - {:msg "cors response processing", :cors-headers {"Access-Control-Allow-Origin" "", "Access-Control-Allow-Credentials" "true", "Access-Control-Expose-Headers" "Strict-Transport-Security, X-Frame-Options, X-Content-Type-Options, X-Xss-Protection, X-Download-Options, X-Permitted-Cross-Domain-Policies, Content-Security-Policy, Content-Type"}, :line 111}
